Warning[207] C:\USERS\ROBER\MPLABXPROJECTS\MICROSEXAMEN2.X\MICROSEXAMEN21.ASM 17 : Found label after column 1. (ref)
Warning[207] C:\USERS\ROBER\MPLABXPROJECTS\MICROSEXAMEN2.X\MICROSEXAMEN21.ASM 18 : Found label after column 1. (in3)
Warning[207] C:\USERS\ROBER\MPLABXPROJECTS\MICROSEXAMEN2.X\MICROSEXAMEN21.ASM 19 : Found label after column 1. (in4)
Warning[207] C:\USERS\ROBER\MPLABXPROJECTS\MICROSEXAMEN2.X\MICROSEXAMEN21.ASM 20 : Found label after column 1. (in5)
Warning[207] C:\USERS\ROBER\MPLABXPROJECTS\MICROSEXAMEN2.X\MICROSEXAMEN21.ASM 21 : Found label after column 1. (in6)
Warning[207] C:\USERS\ROBER\MPLABXPROJECTS\MICROSEXAMEN2.X\MICROSEXAMEN21.ASM 22 : Found label after column 1. (in7)
Warning[207] C:\USERS\ROBER\MPLABXPROJECTS\MICROSEXAMEN2.X\MICROSEXAMEN21.ASM 23 : Found label after column 1. (in8)
Warning[207] C:\USERS\ROBER\MPLABXPROJECTS\MICROSEXAMEN2.X\MICROSEXAMEN21.ASM 24 : Found label after column 1. (mdp2)
Warning[207] C:\USERS\ROBER\MPLABXPROJECTS\MICROSEXAMEN2.X\MICROSEXAMEN21.ASM 25 : Found label after column 1. (mdp3)
Warning[207] C:\USERS\ROBER\MPLABXPROJECTS\MICROSEXAMEN2.X\MICROSEXAMEN21.ASM 26 : Found label after column 1. (mdp4)
Warning[207] C:\USERS\ROBER\MPLABXPROJECTS\MICROSEXAMEN2.X\MICROSEXAMEN21.ASM 27 : Found label after column 1. (mdp5)
Warning[207] C:\USERS\ROBER\MPLABXPROJECTS\MICROSEXAMEN2.X\MICROSEXAMEN21.ASM 28 : Found label after column 1. (mdp6)
Warning[207] C:\USERS\ROBER\MPLABXPROJECTS\MICROSEXAMEN2.X\MICROSEXAMEN21.ASM 29 : Found label after column 1. (mdp7)
Warning[207] C:\USERS\ROBER\MPLABXPROJECTS\MICROSEXAMEN2.X\MICROSEXAMEN21.ASM 30 : Found label after column 1. (mdp8)
Message[302] C:\USERS\ROBER\MPLABXPROJECTS\MICROSEXAMEN2.X\MICROSEXAMEN21.ASM 41 : Register in operand not in bank 0.  Ensure that bank bits are correct.
Message[302] C:\USERS\ROBER\MPLABXPROJECTS\MICROSEXAMEN2.X\MICROSEXAMEN21.ASM 44 : Register in operand not in bank 0.  Ensure that bank bits are correct.
Message[302] C:\USERS\ROBER\MPLABXPROJECTS\MICROSEXAMEN2.X\MICROSEXAMEN21.ASM 48 : Register in operand not in bank 0.  Ensure that bank bits are correct.
Message[302] C:\USERS\ROBER\MPLABXPROJECTS\MICROSEXAMEN2.X\MICROSEXAMEN21.ASM 52 : Register in operand not in bank 0.  Ensure that bank bits are correct.
Warning[207] C:\USERS\ROBER\MPLABXPROJECTS\MICROSEXAMEN2.X\MICROSEXAMEN21.ASM 104 : Found label after column 1. (test)
Warning[207] C:\USERS\ROBER\MPLABXPROJECTS\MICROSEXAMEN2.X\MICROSEXAMEN21.ASM 197 : Found label after column 1. (premier)
Warning[207] C:\USERS\ROBER\MPLABXPROJECTS\MICROSEXAMEN2.X\MICROSEXAMEN21.ASM 209 : Found label after column 1. (deuxieme)
Warning[207] C:\USERS\ROBER\MPLABXPROJECTS\MICROSEXAMEN2.X\MICROSEXAMEN21.ASM 219 : Found label after column 1. (troisieme)
Warning[207] C:\USERS\ROBER\MPLABXPROJECTS\MICROSEXAMEN2.X\MICROSEXAMEN21.ASM 229 : Found label after column 1. (quatrieme)
Warning[207] C:\USERS\ROBER\MPLABXPROJECTS\MICROSEXAMEN2.X\MICROSEXAMEN21.ASM 239 : Found label after column 1. (cinquieme)
Warning[207] C:\USERS\ROBER\MPLABXPROJECTS\MICROSEXAMEN2.X\MICROSEXAMEN21.ASM 249 : Found label after column 1. (sixieme)
Warning[207] C:\USERS\ROBER\MPLABXPROJECTS\MICROSEXAMEN2.X\MICROSEXAMEN21.ASM 259 : Found label after column 1. (septieme)
Warning[207] C:\USERS\ROBER\MPLABXPROJECTS\MICROSEXAMEN2.X\MICROSEXAMEN21.ASM 269 : Found label after column 1. (huitieme)
Warning[207] C:\USERS\ROBER\MPLABXPROJECTS\MICROSEXAMEN2.X\MICROSEXAMEN21.ASM 442 : Found label after column 1. (check_keypad)
Warning[203] C:\USERS\ROBER\MPLABXPROJECTS\MICROSEXAMEN2.X\MICROSEXAMEN21.ASM 508 : Found opcode in column 1. (movlw)
Warning[203] C:\USERS\ROBER\MPLABXPROJECTS\MICROSEXAMEN2.X\MICROSEXAMEN21.ASM 509 : Found opcode in column 1. (movwf)
Warning[203] C:\USERS\ROBER\MPLABXPROJECTS\MICROSEXAMEN2.X\MICROSEXAMEN21.ASM 510 : Found opcode in column 1. (movlw)
Warning[203] C:\USERS\ROBER\MPLABXPROJECTS\MICROSEXAMEN2.X\MICROSEXAMEN21.ASM 511 : Found opcode in column 1. (call)
Warning[203] C:\USERS\ROBER\MPLABXPROJECTS\MICROSEXAMEN2.X\MICROSEXAMEN21.ASM 512 : Found opcode in column 1. (return)
Warning[203] C:\USERS\ROBER\MPLABXPROJECTS\MICROSEXAMEN2.X\MICROSEXAMEN21.ASM 516 : Found opcode in column 1. (movlw)
Warning[203] C:\USERS\ROBER\MPLABXPROJECTS\MICROSEXAMEN2.X\MICROSEXAMEN21.ASM 517 : Found opcode in column 1. (movwf)
Warning[203] C:\USERS\ROBER\MPLABXPROJECTS\MICROSEXAMEN2.X\MICROSEXAMEN21.ASM 518 : Found opcode in column 1. (MOVLW)
Warning[203] C:\USERS\ROBER\MPLABXPROJECTS\MICROSEXAMEN2.X\MICROSEXAMEN21.ASM 519 : Found opcode in column 1. (call)
Warning[203] C:\USERS\ROBER\MPLABXPROJECTS\MICROSEXAMEN2.X\MICROSEXAMEN21.ASM 521 : Found opcode in column 1. (return)
Warning[203] C:\USERS\ROBER\MPLABXPROJECTS\MICROSEXAMEN2.X\MICROSEXAMEN21.ASM 524 : Found opcode in column 1. (movlw)
Warning[203] C:\USERS\ROBER\MPLABXPROJECTS\MICROSEXAMEN2.X\MICROSEXAMEN21.ASM 525 : Found opcode in column 1. (movwf)
Warning[203] C:\USERS\ROBER\MPLABXPROJECTS\MICROSEXAMEN2.X\MICROSEXAMEN21.ASM 526 : Found opcode in column 1. (movlw)
Warning[203] C:\USERS\ROBER\MPLABXPROJECTS\MICROSEXAMEN2.X\MICROSEXAMEN21.ASM 527 : Found opcode in column 1. (call)
Warning[203] C:\USERS\ROBER\MPLABXPROJECTS\MICROSEXAMEN2.X\MICROSEXAMEN21.ASM 528 : Found opcode in column 1. (return)
Warning[203] C:\USERS\ROBER\MPLABXPROJECTS\MICROSEXAMEN2.X\MICROSEXAMEN21.ASM 531 : Found opcode in column 1. (movlw)
Warning[203] C:\USERS\ROBER\MPLABXPROJECTS\MICROSEXAMEN2.X\MICROSEXAMEN21.ASM 532 : Found opcode in column 1. (movwf)
Warning[203] C:\USERS\ROBER\MPLABXPROJECTS\MICROSEXAMEN2.X\MICROSEXAMEN21.ASM 533 : Found opcode in column 1. (movlw)
Warning[203] C:\USERS\ROBER\MPLABXPROJECTS\MICROSEXAMEN2.X\MICROSEXAMEN21.ASM 534 : Found opcode in column 1. (call)
Warning[203] C:\USERS\ROBER\MPLABXPROJECTS\MICROSEXAMEN2.X\MICROSEXAMEN21.ASM 535 : Found opcode in column 1. (return)
Warning[203] C:\USERS\ROBER\MPLABXPROJECTS\MICROSEXAMEN2.X\MICROSEXAMEN21.ASM 538 : Found opcode in column 1. (movlw)
Warning[203] C:\USERS\ROBER\MPLABXPROJECTS\MICROSEXAMEN2.X\MICROSEXAMEN21.ASM 539 : Found opcode in column 1. (movwf)
Warning[203] C:\USERS\ROBER\MPLABXPROJECTS\MICROSEXAMEN2.X\MICROSEXAMEN21.ASM 540 : Found opcode in column 1. (movlw)
Warning[203] C:\USERS\ROBER\MPLABXPROJECTS\MICROSEXAMEN2.X\MICROSEXAMEN21.ASM 541 : Found opcode in column 1. (call)
Warning[203] C:\USERS\ROBER\MPLABXPROJECTS\MICROSEXAMEN2.X\MICROSEXAMEN21.ASM 542 : Found opcode in column 1. (return)
Warning[203] C:\USERS\ROBER\MPLABXPROJECTS\MICROSEXAMEN2.X\MICROSEXAMEN21.ASM 545 : Found opcode in column 1. (movlw)
Warning[203] C:\USERS\ROBER\MPLABXPROJECTS\MICROSEXAMEN2.X\MICROSEXAMEN21.ASM 546 : Found opcode in column 1. (movwf)
Warning[203] C:\USERS\ROBER\MPLABXPROJECTS\MICROSEXAMEN2.X\MICROSEXAMEN21.ASM 547 : Found opcode in column 1. (movlw)
Warning[203] C:\USERS\ROBER\MPLABXPROJECTS\MICROSEXAMEN2.X\MICROSEXAMEN21.ASM 548 : Found opcode in column 1. (call)
Warning[203] C:\USERS\ROBER\MPLABXPROJECTS\MICROSEXAMEN2.X\MICROSEXAMEN21.ASM 549 : Found opcode in column 1. (return)
Warning[203] C:\USERS\ROBER\MPLABXPROJECTS\MICROSEXAMEN2.X\MICROSEXAMEN21.ASM 552 : Found opcode in column 1. (movlw)
Warning[203] C:\USERS\ROBER\MPLABXPROJECTS\MICROSEXAMEN2.X\MICROSEXAMEN21.ASM 553 : Found opcode in column 1. (movwf)
Warning[203] C:\USERS\ROBER\MPLABXPROJECTS\MICROSEXAMEN2.X\MICROSEXAMEN21.ASM 554 : Found opcode in column 1. (movlw)
Warning[203] C:\USERS\ROBER\MPLABXPROJECTS\MICROSEXAMEN2.X\MICROSEXAMEN21.ASM 555 : Found opcode in column 1. (call)
Warning[203] C:\USERS\ROBER\MPLABXPROJECTS\MICROSEXAMEN2.X\MICROSEXAMEN21.ASM 556 : Found opcode in column 1. (return)
Warning[203] C:\USERS\ROBER\MPLABXPROJECTS\MICROSEXAMEN2.X\MICROSEXAMEN21.ASM 559 : Found opcode in column 1. (movlw)
Warning[203] C:\USERS\ROBER\MPLABXPROJECTS\MICROSEXAMEN2.X\MICROSEXAMEN21.ASM 560 : Found opcode in column 1. (movwf)
Warning[203] C:\USERS\ROBER\MPLABXPROJECTS\MICROSEXAMEN2.X\MICROSEXAMEN21.ASM 561 : Found opcode in column 1. (movlw)
Warning[203] C:\USERS\ROBER\MPLABXPROJECTS\MICROSEXAMEN2.X\MICROSEXAMEN21.ASM 562 : Found opcode in column 1. (call)
Warning[203] C:\USERS\ROBER\MPLABXPROJECTS\MICROSEXAMEN2.X\MICROSEXAMEN21.ASM 563 : Found opcode in column 1. (return)
Warning[203] C:\USERS\ROBER\MPLABXPROJECTS\MICROSEXAMEN2.X\MICROSEXAMEN21.ASM 566 : Found opcode in column 1. (movlw)
Warning[203] C:\USERS\ROBER\MPLABXPROJECTS\MICROSEXAMEN2.X\MICROSEXAMEN21.ASM 567 : Found opcode in column 1. (movwf)
Warning[203] C:\USERS\ROBER\MPLABXPROJECTS\MICROSEXAMEN2.X\MICROSEXAMEN21.ASM 568 : Found opcode in column 1. (movlw)
Warning[203] C:\USERS\ROBER\MPLABXPROJECTS\MICROSEXAMEN2.X\MICROSEXAMEN21.ASM 569 : Found opcode in column 1. (call)
Warning[203] C:\USERS\ROBER\MPLABXPROJECTS\MICROSEXAMEN2.X\MICROSEXAMEN21.ASM 570 : Found opcode in column 1. (return)
Warning[203] C:\USERS\ROBER\MPLABXPROJECTS\MICROSEXAMEN2.X\MICROSEXAMEN21.ASM 573 : Found opcode in column 1. (movlw)
Warning[203] C:\USERS\ROBER\MPLABXPROJECTS\MICROSEXAMEN2.X\MICROSEXAMEN21.ASM 574 : Found opcode in column 1. (movwf)
Warning[203] C:\USERS\ROBER\MPLABXPROJECTS\MICROSEXAMEN2.X\MICROSEXAMEN21.ASM 575 : Found opcode in column 1. (movlw)
Warning[203] C:\USERS\ROBER\MPLABXPROJECTS\MICROSEXAMEN2.X\MICROSEXAMEN21.ASM 576 : Found opcode in column 1. (call)
Warning[203] C:\USERS\ROBER\MPLABXPROJECTS\MICROSEXAMEN2.X\MICROSEXAMEN21.ASM 577 : Found opcode in column 1. (return)
Warning[207] C:\USERS\ROBER\MPLABXPROJECTS\MICROSEXAMEN2.X\MICROSEXAMEN21.ASM 581 : Found label after column 1. (check_keypad2)
Warning[203] C:\USERS\ROBER\MPLABXPROJECTS\MICROSEXAMEN2.X\MICROSEXAMEN21.ASM 639 : Found opcode in column 1. (movlw)
Warning[203] C:\USERS\ROBER\MPLABXPROJECTS\MICROSEXAMEN2.X\MICROSEXAMEN21.ASM 640 : Found opcode in column 1. (movwf)
Warning[203] C:\USERS\ROBER\MPLABXPROJECTS\MICROSEXAMEN2.X\MICROSEXAMEN21.ASM 641 : Found opcode in column 1. (movlw)
Warning[203] C:\USERS\ROBER\MPLABXPROJECTS\MICROSEXAMEN2.X\MICROSEXAMEN21.ASM 642 : Found opcode in column 1. (call)
Warning[203] C:\USERS\ROBER\MPLABXPROJECTS\MICROSEXAMEN2.X\MICROSEXAMEN21.ASM 643 : Found opcode in column 1. (return)
Warning[203] C:\USERS\ROBER\MPLABXPROJECTS\MICROSEXAMEN2.X\MICROSEXAMEN21.ASM 647 : Found opcode in column 1. (movlw)
Warning[203] C:\USERS\ROBER\MPLABXPROJECTS\MICROSEXAMEN2.X\MICROSEXAMEN21.ASM 648 : Found opcode in column 1. (movwf)
Warning[203] C:\USERS\ROBER\MPLABXPROJECTS\MICROSEXAMEN2.X\MICROSEXAMEN21.ASM 649 : Found opcode in column 1. (MOVLW)
Warning[203] C:\USERS\ROBER\MPLABXPROJECTS\MICROSEXAMEN2.X\MICROSEXAMEN21.ASM 650 : Found opcode in column 1. (call)
Warning[203] C:\USERS\ROBER\MPLABXPROJECTS\MICROSEXAMEN2.X\MICROSEXAMEN21.ASM 651 : Found opcode in column 1. (return)
Warning[203] C:\USERS\ROBER\MPLABXPROJECTS\MICROSEXAMEN2.X\MICROSEXAMEN21.ASM 654 : Found opcode in column 1. (movlw)
Warning[203] C:\USERS\ROBER\MPLABXPROJECTS\MICROSEXAMEN2.X\MICROSEXAMEN21.ASM 655 : Found opcode in column 1. (movwf)
Warning[203] C:\USERS\ROBER\MPLABXPROJECTS\MICROSEXAMEN2.X\MICROSEXAMEN21.ASM 656 : Found opcode in column 1. (movlw)
Warning[203] C:\USERS\ROBER\MPLABXPROJECTS\MICROSEXAMEN2.X\MICROSEXAMEN21.ASM 657 : Found opcode in column 1. (call)
Warning[203] C:\USERS\ROBER\MPLABXPROJECTS\MICROSEXAMEN2.X\MICROSEXAMEN21.ASM 658 : Found opcode in column 1. (return)
Warning[203] C:\USERS\ROBER\MPLABXPROJECTS\MICROSEXAMEN2.X\MICROSEXAMEN21.ASM 661 : Found opcode in column 1. (movlw)
Warning[203] C:\USERS\ROBER\MPLABXPROJECTS\MICROSEXAMEN2.X\MICROSEXAMEN21.ASM 662 : Found opcode in column 1. (movwf)
Warning[203] C:\USERS\ROBER\MPLABXPROJECTS\MICROSEXAMEN2.X\MICROSEXAMEN21.ASM 663 : Found opcode in column 1. (movlw)
Warning[203] C:\USERS\ROBER\MPLABXPROJECTS\MICROSEXAMEN2.X\MICROSEXAMEN21.ASM 664 : Found opcode in column 1. (call)
Warning[203] C:\USERS\ROBER\MPLABXPROJECTS\MICROSEXAMEN2.X\MICROSEXAMEN21.ASM 665 : Found opcode in column 1. (return)
Warning[203] C:\USERS\ROBER\MPLABXPROJECTS\MICROSEXAMEN2.X\MICROSEXAMEN21.ASM 668 : Found opcode in column 1. (movlw)
Warning[203] C:\USERS\ROBER\MPLABXPROJECTS\MICROSEXAMEN2.X\MICROSEXAMEN21.ASM 669 : Found opcode in column 1. (movwf)
Warning[203] C:\USERS\ROBER\MPLABXPROJECTS\MICROSEXAMEN2.X\MICROSEXAMEN21.ASM 670 : Found opcode in column 1. (movlw)
Warning[203] C:\USERS\ROBER\MPLABXPROJECTS\MICROSEXAMEN2.X\MICROSEXAMEN21.ASM 671 : Found opcode in column 1. (call)
Warning[203] C:\USERS\ROBER\MPLABXPROJECTS\MICROSEXAMEN2.X\MICROSEXAMEN21.ASM 672 : Found opcode in column 1. (return)
Warning[203] C:\USERS\ROBER\MPLABXPROJECTS\MICROSEXAMEN2.X\MICROSEXAMEN21.ASM 675 : Found opcode in column 1. (movlw)
Warning[203] C:\USERS\ROBER\MPLABXPROJECTS\MICROSEXAMEN2.X\MICROSEXAMEN21.ASM 676 : Found opcode in column 1. (movwf)
Warning[203] C:\USERS\ROBER\MPLABXPROJECTS\MICROSEXAMEN2.X\MICROSEXAMEN21.ASM 677 : Found opcode in column 1. (movlw)
Warning[203] C:\USERS\ROBER\MPLABXPROJECTS\MICROSEXAMEN2.X\MICROSEXAMEN21.ASM 678 : Found opcode in column 1. (call)
Warning[203] C:\USERS\ROBER\MPLABXPROJECTS\MICROSEXAMEN2.X\MICROSEXAMEN21.ASM 679 : Found opcode in column 1. (return)
Warning[203] C:\USERS\ROBER\MPLABXPROJECTS\MICROSEXAMEN2.X\MICROSEXAMEN21.ASM 682 : Found opcode in column 1. (movlw)
Warning[203] C:\USERS\ROBER\MPLABXPROJECTS\MICROSEXAMEN2.X\MICROSEXAMEN21.ASM 683 : Found opcode in column 1. (movwf)
Warning[203] C:\USERS\ROBER\MPLABXPROJECTS\MICROSEXAMEN2.X\MICROSEXAMEN21.ASM 684 : Found opcode in column 1. (movlw)
Warning[203] C:\USERS\ROBER\MPLABXPROJECTS\MICROSEXAMEN2.X\MICROSEXAMEN21.ASM 685 : Found opcode in column 1. (call)
Warning[203] C:\USERS\ROBER\MPLABXPROJECTS\MICROSEXAMEN2.X\MICROSEXAMEN21.ASM 686 : Found opcode in column 1. (return)
Warning[203] C:\USERS\ROBER\MPLABXPROJECTS\MICROSEXAMEN2.X\MICROSEXAMEN21.ASM 689 : Found opcode in column 1. (movlw)
Warning[203] C:\USERS\ROBER\MPLABXPROJECTS\MICROSEXAMEN2.X\MICROSEXAMEN21.ASM 690 : Found opcode in column 1. (movwf)
Warning[203] C:\USERS\ROBER\MPLABXPROJECTS\MICROSEXAMEN2.X\MICROSEXAMEN21.ASM 691 : Found opcode in column 1. (movlw)
Warning[203] C:\USERS\ROBER\MPLABXPROJECTS\MICROSEXAMEN2.X\MICROSEXAMEN21.ASM 692 : Found opcode in column 1. (call)
Warning[203] C:\USERS\ROBER\MPLABXPROJECTS\MICROSEXAMEN2.X\MICROSEXAMEN21.ASM 693 : Found opcode in column 1. (return)
Warning[203] C:\USERS\ROBER\MPLABXPROJECTS\MICROSEXAMEN2.X\MICROSEXAMEN21.ASM 696 : Found opcode in column 1. (movlw)
Warning[203] C:\USERS\ROBER\MPLABXPROJECTS\MICROSEXAMEN2.X\MICROSEXAMEN21.ASM 697 : Found opcode in column 1. (movwf)
Warning[203] C:\USERS\ROBER\MPLABXPROJECTS\MICROSEXAMEN2.X\MICROSEXAMEN21.ASM 698 : Found opcode in column 1. (movlw)
Warning[203] C:\USERS\ROBER\MPLABXPROJECTS\MICROSEXAMEN2.X\MICROSEXAMEN21.ASM 699 : Found opcode in column 1. (call)
Warning[203] C:\USERS\ROBER\MPLABXPROJECTS\MICROSEXAMEN2.X\MICROSEXAMEN21.ASM 700 : Found opcode in column 1. (return)
Warning[203] C:\USERS\ROBER\MPLABXPROJECTS\MICROSEXAMEN2.X\MICROSEXAMEN21.ASM 703 : Found opcode in column 1. (movlw)
Warning[203] C:\USERS\ROBER\MPLABXPROJECTS\MICROSEXAMEN2.X\MICROSEXAMEN21.ASM 704 : Found opcode in column 1. (movwf)
Warning[203] C:\USERS\ROBER\MPLABXPROJECTS\MICROSEXAMEN2.X\MICROSEXAMEN21.ASM 705 : Found opcode in column 1. (movlw)
Warning[203] C:\USERS\ROBER\MPLABXPROJECTS\MICROSEXAMEN2.X\MICROSEXAMEN21.ASM 706 : Found opcode in column 1. (call)
Warning[203] C:\USERS\ROBER\MPLABXPROJECTS\MICROSEXAMEN2.X\MICROSEXAMEN21.ASM 707 : Found opcode in column 1. (return)
Warning[207] C:\USERS\ROBER\MPLABXPROJECTS\MICROSEXAMEN2.X\MICROSEXAMEN21.ASM 711 : Found label after column 1. (check_keypad3)
Warning[203] C:\USERS\ROBER\MPLABXPROJECTS\MICROSEXAMEN2.X\MICROSEXAMEN21.ASM 768 : Found opcode in column 1. (movlw)
Warning[203] C:\USERS\ROBER\MPLABXPROJECTS\MICROSEXAMEN2.X\MICROSEXAMEN21.ASM 769 : Found opcode in column 1. (movwf)
Warning[203] C:\USERS\ROBER\MPLABXPROJECTS\MICROSEXAMEN2.X\MICROSEXAMEN21.ASM 770 : Found opcode in column 1. (movlw)
Warning[203] C:\USERS\ROBER\MPLABXPROJECTS\MICROSEXAMEN2.X\MICROSEXAMEN21.ASM 771 : Found opcode in column 1. (call)
Warning[203] C:\USERS\ROBER\MPLABXPROJECTS\MICROSEXAMEN2.X\MICROSEXAMEN21.ASM 772 : Found opcode in column 1. (return)
Warning[203] C:\USERS\ROBER\MPLABXPROJECTS\MICROSEXAMEN2.X\MICROSEXAMEN21.ASM 776 : Found opcode in column 1. (movlw)
Warning[203] C:\USERS\ROBER\MPLABXPROJECTS\MICROSEXAMEN2.X\MICROSEXAMEN21.ASM 777 : Found opcode in column 1. (movwf)
Warning[203] C:\USERS\ROBER\MPLABXPROJECTS\MICROSEXAMEN2.X\MICROSEXAMEN21.ASM 778 : Found opcode in column 1. (MOVLW)
Warning[203] C:\USERS\ROBER\MPLABXPROJECTS\MICROSEXAMEN2.X\MICROSEXAMEN21.ASM 779 : Found opcode in column 1. (call)
Warning[203] C:\USERS\ROBER\MPLABXPROJECTS\MICROSEXAMEN2.X\MICROSEXAMEN21.ASM 780 : Found opcode in column 1. (return)
Warning[203] C:\USERS\ROBER\MPLABXPROJECTS\MICROSEXAMEN2.X\MICROSEXAMEN21.ASM 783 : Found opcode in column 1. (movlw)
Warning[203] C:\USERS\ROBER\MPLABXPROJECTS\MICROSEXAMEN2.X\MICROSEXAMEN21.ASM 784 : Found opcode in column 1. (movwf)
Warning[203] C:\USERS\ROBER\MPLABXPROJECTS\MICROSEXAMEN2.X\MICROSEXAMEN21.ASM 785 : Found opcode in column 1. (movlw)
Warning[203] C:\USERS\ROBER\MPLABXPROJECTS\MICROSEXAMEN2.X\MICROSEXAMEN21.ASM 786 : Found opcode in column 1. (call)
Warning[203] C:\USERS\ROBER\MPLABXPROJECTS\MICROSEXAMEN2.X\MICROSEXAMEN21.ASM 787 : Found opcode in column 1. (return)
Warning[203] C:\USERS\ROBER\MPLABXPROJECTS\MICROSEXAMEN2.X\MICROSEXAMEN21.ASM 790 : Found opcode in column 1. (movlw)
Warning[203] C:\USERS\ROBER\MPLABXPROJECTS\MICROSEXAMEN2.X\MICROSEXAMEN21.ASM 791 : Found opcode in column 1. (movwf)
Warning[203] C:\USERS\ROBER\MPLABXPROJECTS\MICROSEXAMEN2.X\MICROSEXAMEN21.ASM 792 : Found opcode in column 1. (movlw)
Warning[203] C:\USERS\ROBER\MPLABXPROJECTS\MICROSEXAMEN2.X\MICROSEXAMEN21.ASM 793 : Found opcode in column 1. (call)
Warning[203] C:\USERS\ROBER\MPLABXPROJECTS\MICROSEXAMEN2.X\MICROSEXAMEN21.ASM 794 : Found opcode in column 1. (return)
Warning[203] C:\USERS\ROBER\MPLABXPROJECTS\MICROSEXAMEN2.X\MICROSEXAMEN21.ASM 797 : Found opcode in column 1. (movlw)
Warning[203] C:\USERS\ROBER\MPLABXPROJECTS\MICROSEXAMEN2.X\MICROSEXAMEN21.ASM 798 : Found opcode in column 1. (movwf)
Warning[203] C:\USERS\ROBER\MPLABXPROJECTS\MICROSEXAMEN2.X\MICROSEXAMEN21.ASM 799 : Found opcode in column 1. (movlw)
Warning[203] C:\USERS\ROBER\MPLABXPROJECTS\MICROSEXAMEN2.X\MICROSEXAMEN21.ASM 800 : Found opcode in column 1. (call)
Warning[203] C:\USERS\ROBER\MPLABXPROJECTS\MICROSEXAMEN2.X\MICROSEXAMEN21.ASM 801 : Found opcode in column 1. (return)
Warning[203] C:\USERS\ROBER\MPLABXPROJECTS\MICROSEXAMEN2.X\MICROSEXAMEN21.ASM 804 : Found opcode in column 1. (movlw)
Warning[203] C:\USERS\ROBER\MPLABXPROJECTS\MICROSEXAMEN2.X\MICROSEXAMEN21.ASM 805 : Found opcode in column 1. (movwf)
Warning[203] C:\USERS\ROBER\MPLABXPROJECTS\MICROSEXAMEN2.X\MICROSEXAMEN21.ASM 806 : Found opcode in column 1. (movlw)
Warning[203] C:\USERS\ROBER\MPLABXPROJECTS\MICROSEXAMEN2.X\MICROSEXAMEN21.ASM 807 : Found opcode in column 1. (call)
Warning[203] C:\USERS\ROBER\MPLABXPROJECTS\MICROSEXAMEN2.X\MICROSEXAMEN21.ASM 808 : Found opcode in column 1. (return)
Warning[203] C:\USERS\ROBER\MPLABXPROJECTS\MICROSEXAMEN2.X\MICROSEXAMEN21.ASM 811 : Found opcode in column 1. (movlw)
Warning[203] C:\USERS\ROBER\MPLABXPROJECTS\MICROSEXAMEN2.X\MICROSEXAMEN21.ASM 812 : Found opcode in column 1. (movwf)
Warning[203] C:\USERS\ROBER\MPLABXPROJECTS\MICROSEXAMEN2.X\MICROSEXAMEN21.ASM 813 : Found opcode in column 1. (movlw)
Warning[203] C:\USERS\ROBER\MPLABXPROJECTS\MICROSEXAMEN2.X\MICROSEXAMEN21.ASM 814 : Found opcode in column 1. (call)
Warning[203] C:\USERS\ROBER\MPLABXPROJECTS\MICROSEXAMEN2.X\MICROSEXAMEN21.ASM 815 : Found opcode in column 1. (return)
Warning[203] C:\USERS\ROBER\MPLABXPROJECTS\MICROSEXAMEN2.X\MICROSEXAMEN21.ASM 818 : Found opcode in column 1. (movlw)
Warning[203] C:\USERS\ROBER\MPLABXPROJECTS\MICROSEXAMEN2.X\MICROSEXAMEN21.ASM 819 : Found opcode in column 1. (movwf)
Warning[203] C:\USERS\ROBER\MPLABXPROJECTS\MICROSEXAMEN2.X\MICROSEXAMEN21.ASM 820 : Found opcode in column 1. (movlw)
Warning[203] C:\USERS\ROBER\MPLABXPROJECTS\MICROSEXAMEN2.X\MICROSEXAMEN21.ASM 821 : Found opcode in column 1. (call)
Warning[203] C:\USERS\ROBER\MPLABXPROJECTS\MICROSEXAMEN2.X\MICROSEXAMEN21.ASM 822 : Found opcode in column 1. (return)
Warning[203] C:\USERS\ROBER\MPLABXPROJECTS\MICROSEXAMEN2.X\MICROSEXAMEN21.ASM 825 : Found opcode in column 1. (movlw)
Warning[203] C:\USERS\ROBER\MPLABXPROJECTS\MICROSEXAMEN2.X\MICROSEXAMEN21.ASM 826 : Found opcode in column 1. (movwf)
Warning[203] C:\USERS\ROBER\MPLABXPROJECTS\MICROSEXAMEN2.X\MICROSEXAMEN21.ASM 827 : Found opcode in column 1. (movlw)
Warning[203] C:\USERS\ROBER\MPLABXPROJECTS\MICROSEXAMEN2.X\MICROSEXAMEN21.ASM 828 : Found opcode in column 1. (call)
Warning[203] C:\USERS\ROBER\MPLABXPROJECTS\MICROSEXAMEN2.X\MICROSEXAMEN21.ASM 829 : Found opcode in column 1. (return)
Warning[203] C:\USERS\ROBER\MPLABXPROJECTS\MICROSEXAMEN2.X\MICROSEXAMEN21.ASM 832 : Found opcode in column 1. (movlw)
Warning[203] C:\USERS\ROBER\MPLABXPROJECTS\MICROSEXAMEN2.X\MICROSEXAMEN21.ASM 833 : Found opcode in column 1. (movwf)
Warning[203] C:\USERS\ROBER\MPLABXPROJECTS\MICROSEXAMEN2.X\MICROSEXAMEN21.ASM 834 : Found opcode in column 1. (movlw)
Warning[203] C:\USERS\ROBER\MPLABXPROJECTS\MICROSEXAMEN2.X\MICROSEXAMEN21.ASM 835 : Found opcode in column 1. (call)
Warning[203] C:\USERS\ROBER\MPLABXPROJECTS\MICROSEXAMEN2.X\MICROSEXAMEN21.ASM 836 : Found opcode in column 1. (return)
Warning[207] C:\USERS\ROBER\MPLABXPROJECTS\MICROSEXAMEN2.X\MICROSEXAMEN21.ASM 839 : Found label after column 1. (check_keypad4)
Warning[203] C:\USERS\ROBER\MPLABXPROJECTS\MICROSEXAMEN2.X\MICROSEXAMEN21.ASM 897 : Found opcode in column 1. (movlw)
Warning[203] C:\USERS\ROBER\MPLABXPROJECTS\MICROSEXAMEN2.X\MICROSEXAMEN21.ASM 898 : Found opcode in column 1. (movwf)
Warning[203] C:\USERS\ROBER\MPLABXPROJECTS\MICROSEXAMEN2.X\MICROSEXAMEN21.ASM 899 : Found opcode in column 1. (movlw)
Warning[203] C:\USERS\ROBER\MPLABXPROJECTS\MICROSEXAMEN2.X\MICROSEXAMEN21.ASM 900 : Found opcode in column 1. (call)
Warning[203] C:\USERS\ROBER\MPLABXPROJECTS\MICROSEXAMEN2.X\MICROSEXAMEN21.ASM 901 : Found opcode in column 1. (return)
Warning[203] C:\USERS\ROBER\MPLABXPROJECTS\MICROSEXAMEN2.X\MICROSEXAMEN21.ASM 905 : Found opcode in column 1. (movlw)
Warning[203] C:\USERS\ROBER\MPLABXPROJECTS\MICROSEXAMEN2.X\MICROSEXAMEN21.ASM 906 : Found opcode in column 1. (movwf)
Warning[203] C:\USERS\ROBER\MPLABXPROJECTS\MICROSEXAMEN2.X\MICROSEXAMEN21.ASM 907 : Found opcode in column 1. (MOVLW)
Warning[203] C:\USERS\ROBER\MPLABXPROJECTS\MICROSEXAMEN2.X\MICROSEXAMEN21.ASM 908 : Found opcode in column 1. (call)
Warning[203] C:\USERS\ROBER\MPLABXPROJECTS\MICROSEXAMEN2.X\MICROSEXAMEN21.ASM 909 : Found opcode in column 1. (return)
Warning[203] C:\USERS\ROBER\MPLABXPROJECTS\MICROSEXAMEN2.X\MICROSEXAMEN21.ASM 912 : Found opcode in column 1. (movlw)
Warning[203] C:\USERS\ROBER\MPLABXPROJECTS\MICROSEXAMEN2.X\MICROSEXAMEN21.ASM 913 : Found opcode in column 1. (movwf)
Warning[203] C:\USERS\ROBER\MPLABXPROJECTS\MICROSEXAMEN2.X\MICROSEXAMEN21.ASM 914 : Found opcode in column 1. (movlw)
Warning[203] C:\USERS\ROBER\MPLABXPROJECTS\MICROSEXAMEN2.X\MICROSEXAMEN21.ASM 915 : Found opcode in column 1. (call)
Warning[203] C:\USERS\ROBER\MPLABXPROJECTS\MICROSEXAMEN2.X\MICROSEXAMEN21.ASM 916 : Found opcode in column 1. (return)
Warning[203] C:\USERS\ROBER\MPLABXPROJECTS\MICROSEXAMEN2.X\MICROSEXAMEN21.ASM 919 : Found opcode in column 1. (movlw)
Warning[203] C:\USERS\ROBER\MPLABXPROJECTS\MICROSEXAMEN2.X\MICROSEXAMEN21.ASM 920 : Found opcode in column 1. (movwf)
Warning[203] C:\USERS\ROBER\MPLABXPROJECTS\MICROSEXAMEN2.X\MICROSEXAMEN21.ASM 921 : Found opcode in column 1. (movlw)
Warning[203] C:\USERS\ROBER\MPLABXPROJECTS\MICROSEXAMEN2.X\MICROSEXAMEN21.ASM 922 : Found opcode in column 1. (call)
Warning[203] C:\USERS\ROBER\MPLABXPROJECTS\MICROSEXAMEN2.X\MICROSEXAMEN21.ASM 923 : Found opcode in column 1. (return)
Warning[203] C:\USERS\ROBER\MPLABXPROJECTS\MICROSEXAMEN2.X\MICROSEXAMEN21.ASM 926 : Found opcode in column 1. (movlw)
Warning[203] C:\USERS\ROBER\MPLABXPROJECTS\MICROSEXAMEN2.X\MICROSEXAMEN21.ASM 927 : Found opcode in column 1. (movwf)
Warning[203] C:\USERS\ROBER\MPLABXPROJECTS\MICROSEXAMEN2.X\MICROSEXAMEN21.ASM 928 : Found opcode in column 1. (movlw)
Warning[203] C:\USERS\ROBER\MPLABXPROJECTS\MICROSEXAMEN2.X\MICROSEXAMEN21.ASM 929 : Found opcode in column 1. (call)
Warning[203] C:\USERS\ROBER\MPLABXPROJECTS\MICROSEXAMEN2.X\MICROSEXAMEN21.ASM 930 : Found opcode in column 1. (return)
Warning[203] C:\USERS\ROBER\MPLABXPROJECTS\MICROSEXAMEN2.X\MICROSEXAMEN21.ASM 933 : Found opcode in column 1. (movlw)
Warning[203] C:\USERS\ROBER\MPLABXPROJECTS\MICROSEXAMEN2.X\MICROSEXAMEN21.ASM 934 : Found opcode in column 1. (movwf)
Warning[203] C:\USERS\ROBER\MPLABXPROJECTS\MICROSEXAMEN2.X\MICROSEXAMEN21.ASM 935 : Found opcode in column 1. (movlw)
Warning[203] C:\USERS\ROBER\MPLABXPROJECTS\MICROSEXAMEN2.X\MICROSEXAMEN21.ASM 936 : Found opcode in column 1. (call)
Warning[203] C:\USERS\ROBER\MPLABXPROJECTS\MICROSEXAMEN2.X\MICROSEXAMEN21.ASM 937 : Found opcode in column 1. (return)
Warning[203] C:\USERS\ROBER\MPLABXPROJECTS\MICROSEXAMEN2.X\MICROSEXAMEN21.ASM 940 : Found opcode in column 1. (movlw)
Warning[203] C:\USERS\ROBER\MPLABXPROJECTS\MICROSEXAMEN2.X\MICROSEXAMEN21.ASM 941 : Found opcode in column 1. (movwf)
Warning[203] C:\USERS\ROBER\MPLABXPROJECTS\MICROSEXAMEN2.X\MICROSEXAMEN21.ASM 942 : Found opcode in column 1. (movlw)
Warning[203] C:\USERS\ROBER\MPLABXPROJECTS\MICROSEXAMEN2.X\MICROSEXAMEN21.ASM 943 : Found opcode in column 1. (call)
Warning[203] C:\USERS\ROBER\MPLABXPROJECTS\MICROSEXAMEN2.X\MICROSEXAMEN21.ASM 944 : Found opcode in column 1. (return)
Warning[203] C:\USERS\ROBER\MPLABXPROJECTS\MICROSEXAMEN2.X\MICROSEXAMEN21.ASM 947 : Found opcode in column 1. (movlw)
Warning[203] C:\USERS\ROBER\MPLABXPROJECTS\MICROSEXAMEN2.X\MICROSEXAMEN21.ASM 948 : Found opcode in column 1. (movwf)
Warning[203] C:\USERS\ROBER\MPLABXPROJECTS\MICROSEXAMEN2.X\MICROSEXAMEN21.ASM 949 : Found opcode in column 1. (movlw)
Warning[203] C:\USERS\ROBER\MPLABXPROJECTS\MICROSEXAMEN2.X\MICROSEXAMEN21.ASM 950 : Found opcode in column 1. (call)
Warning[203] C:\USERS\ROBER\MPLABXPROJECTS\MICROSEXAMEN2.X\MICROSEXAMEN21.ASM 951 : Found opcode in column 1. (return)
Warning[203] C:\USERS\ROBER\MPLABXPROJECTS\MICROSEXAMEN2.X\MICROSEXAMEN21.ASM 954 : Found opcode in column 1. (movlw)
Warning[203] C:\USERS\ROBER\MPLABXPROJECTS\MICROSEXAMEN2.X\MICROSEXAMEN21.ASM 955 : Found opcode in column 1. (movwf)
Warning[203] C:\USERS\ROBER\MPLABXPROJECTS\MICROSEXAMEN2.X\MICROSEXAMEN21.ASM 956 : Found opcode in column 1. (movlw)
Warning[203] C:\USERS\ROBER\MPLABXPROJECTS\MICROSEXAMEN2.X\MICROSEXAMEN21.ASM 957 : Found opcode in column 1. (call)
Warning[203] C:\USERS\ROBER\MPLABXPROJECTS\MICROSEXAMEN2.X\MICROSEXAMEN21.ASM 958 : Found opcode in column 1. (return)
Warning[203] C:\USERS\ROBER\MPLABXPROJECTS\MICROSEXAMEN2.X\MICROSEXAMEN21.ASM 961 : Found opcode in column 1. (movlw)
Warning[203] C:\USERS\ROBER\MPLABXPROJECTS\MICROSEXAMEN2.X\MICROSEXAMEN21.ASM 962 : Found opcode in column 1. (movwf)
Warning[203] C:\USERS\ROBER\MPLABXPROJECTS\MICROSEXAMEN2.X\MICROSEXAMEN21.ASM 963 : Found opcode in column 1. (movlw)
Warning[203] C:\USERS\ROBER\MPLABXPROJECTS\MICROSEXAMEN2.X\MICROSEXAMEN21.ASM 964 : Found opcode in column 1. (call)
Warning[203] C:\USERS\ROBER\MPLABXPROJECTS\MICROSEXAMEN2.X\MICROSEXAMEN21.ASM 965 : Found opcode in column 1. (return)
Warning[207] C:\USERS\ROBER\MPLABXPROJECTS\MICROSEXAMEN2.X\MICROSEXAMEN21.ASM 968 : Found label after column 1. (check_keypad5)
Warning[203] C:\USERS\ROBER\MPLABXPROJECTS\MICROSEXAMEN2.X\MICROSEXAMEN21.ASM 1026 : Found opcode in column 1. (movlw)
Warning[203] C:\USERS\ROBER\MPLABXPROJECTS\MICROSEXAMEN2.X\MICROSEXAMEN21.ASM 1027 : Found opcode in column 1. (movwf)
Warning[203] C:\USERS\ROBER\MPLABXPROJECTS\MICROSEXAMEN2.X\MICROSEXAMEN21.ASM 1028 : Found opcode in column 1. (movlw)
Warning[203] C:\USERS\ROBER\MPLABXPROJECTS\MICROSEXAMEN2.X\MICROSEXAMEN21.ASM 1029 : Found opcode in column 1. (call)
Warning[203] C:\USERS\ROBER\MPLABXPROJECTS\MICROSEXAMEN2.X\MICROSEXAMEN21.ASM 1030 : Found opcode in column 1. (return)
Warning[203] C:\USERS\ROBER\MPLABXPROJECTS\MICROSEXAMEN2.X\MICROSEXAMEN21.ASM 1034 : Found opcode in column 1. (movlw)
Warning[203] C:\USERS\ROBER\MPLABXPROJECTS\MICROSEXAMEN2.X\MICROSEXAMEN21.ASM 1035 : Found opcode in column 1. (movwf)
Warning[203] C:\USERS\ROBER\MPLABXPROJECTS\MICROSEXAMEN2.X\MICROSEXAMEN21.ASM 1036 : Found opcode in column 1. (MOVLW)
Warning[203] C:\USERS\ROBER\MPLABXPROJECTS\MICROSEXAMEN2.X\MICROSEXAMEN21.ASM 1037 : Found opcode in column 1. (call)
Warning[203] C:\USERS\ROBER\MPLABXPROJECTS\MICROSEXAMEN2.X\MICROSEXAMEN21.ASM 1038 : Found opcode in column 1. (return)
Warning[203] C:\USERS\ROBER\MPLABXPROJECTS\MICROSEXAMEN2.X\MICROSEXAMEN21.ASM 1041 : Found opcode in column 1. (movlw)
Warning[203] C:\USERS\ROBER\MPLABXPROJECTS\MICROSEXAMEN2.X\MICROSEXAMEN21.ASM 1042 : Found opcode in column 1. (movwf)
Warning[203] C:\USERS\ROBER\MPLABXPROJECTS\MICROSEXAMEN2.X\MICROSEXAMEN21.ASM 1043 : Found opcode in column 1. (movlw)
Warning[203] C:\USERS\ROBER\MPLABXPROJECTS\MICROSEXAMEN2.X\MICROSEXAMEN21.ASM 1044 : Found opcode in column 1. (call)
Warning[203] C:\USERS\ROBER\MPLABXPROJECTS\MICROSEXAMEN2.X\MICROSEXAMEN21.ASM 1045 : Found opcode in column 1. (return)
Warning[203] C:\USERS\ROBER\MPLABXPROJECTS\MICROSEXAMEN2.X\MICROSEXAMEN21.ASM 1048 : Found opcode in column 1. (movlw)
Warning[203] C:\USERS\ROBER\MPLABXPROJECTS\MICROSEXAMEN2.X\MICROSEXAMEN21.ASM 1049 : Found opcode in column 1. (movwf)
Warning[203] C:\USERS\ROBER\MPLABXPROJECTS\MICROSEXAMEN2.X\MICROSEXAMEN21.ASM 1050 : Found opcode in column 1. (movlw)
Warning[203] C:\USERS\ROBER\MPLABXPROJECTS\MICROSEXAMEN2.X\MICROSEXAMEN21.ASM 1051 : Found opcode in column 1. (call)
Warning[203] C:\USERS\ROBER\MPLABXPROJECTS\MICROSEXAMEN2.X\MICROSEXAMEN21.ASM 1052 : Found opcode in column 1. (return)
Warning[203] C:\USERS\ROBER\MPLABXPROJECTS\MICROSEXAMEN2.X\MICROSEXAMEN21.ASM 1055 : Found opcode in column 1. (movlw)
Warning[203] C:\USERS\ROBER\MPLABXPROJECTS\MICROSEXAMEN2.X\MICROSEXAMEN21.ASM 1056 : Found opcode in column 1. (movwf)
Warning[203] C:\USERS\ROBER\MPLABXPROJECTS\MICROSEXAMEN2.X\MICROSEXAMEN21.ASM 1057 : Found opcode in column 1. (movlw)
Warning[203] C:\USERS\ROBER\MPLABXPROJECTS\MICROSEXAMEN2.X\MICROSEXAMEN21.ASM 1058 : Found opcode in column 1. (call)
Warning[203] C:\USERS\ROBER\MPLABXPROJECTS\MICROSEXAMEN2.X\MICROSEXAMEN21.ASM 1059 : Found opcode in column 1. (return)
Warning[203] C:\USERS\ROBER\MPLABXPROJECTS\MICROSEXAMEN2.X\MICROSEXAMEN21.ASM 1062 : Found opcode in column 1. (movlw)
Warning[203] C:\USERS\ROBER\MPLABXPROJECTS\MICROSEXAMEN2.X\MICROSEXAMEN21.ASM 1063 : Found opcode in column 1. (movwf)
Warning[203] C:\USERS\ROBER\MPLABXPROJECTS\MICROSEXAMEN2.X\MICROSEXAMEN21.ASM 1064 : Found opcode in column 1. (movlw)
Warning[203] C:\USERS\ROBER\MPLABXPROJECTS\MICROSEXAMEN2.X\MICROSEXAMEN21.ASM 1065 : Found opcode in column 1. (call)
Warning[203] C:\USERS\ROBER\MPLABXPROJECTS\MICROSEXAMEN2.X\MICROSEXAMEN21.ASM 1066 : Found opcode in column 1. (return)
Warning[203] C:\USERS\ROBER\MPLABXPROJECTS\MICROSEXAMEN2.X\MICROSEXAMEN21.ASM 1069 : Found opcode in column 1. (movlw)
Warning[203] C:\USERS\ROBER\MPLABXPROJECTS\MICROSEXAMEN2.X\MICROSEXAMEN21.ASM 1070 : Found opcode in column 1. (movwf)
Warning[203] C:\USERS\ROBER\MPLABXPROJECTS\MICROSEXAMEN2.X\MICROSEXAMEN21.ASM 1071 : Found opcode in column 1. (movlw)
Warning[203] C:\USERS\ROBER\MPLABXPROJECTS\MICROSEXAMEN2.X\MICROSEXAMEN21.ASM 1072 : Found opcode in column 1. (call)
Warning[203] C:\USERS\ROBER\MPLABXPROJECTS\MICROSEXAMEN2.X\MICROSEXAMEN21.ASM 1073 : Found opcode in column 1. (return)
Warning[203] C:\USERS\ROBER\MPLABXPROJECTS\MICROSEXAMEN2.X\MICROSEXAMEN21.ASM 1076 : Found opcode in column 1. (movlw)
Warning[203] C:\USERS\ROBER\MPLABXPROJECTS\MICROSEXAMEN2.X\MICROSEXAMEN21.ASM 1077 : Found opcode in column 1. (movwf)
Warning[203] C:\USERS\ROBER\MPLABXPROJECTS\MICROSEXAMEN2.X\MICROSEXAMEN21.ASM 1078 : Found opcode in column 1. (movlw)
Warning[203] C:\USERS\ROBER\MPLABXPROJECTS\MICROSEXAMEN2.X\MICROSEXAMEN21.ASM 1079 : Found opcode in column 1. (call)
Warning[203] C:\USERS\ROBER\MPLABXPROJECTS\MICROSEXAMEN2.X\MICROSEXAMEN21.ASM 1080 : Found opcode in column 1. (return)
Warning[203] C:\USERS\ROBER\MPLABXPROJECTS\MICROSEXAMEN2.X\MICROSEXAMEN21.ASM 1083 : Found opcode in column 1. (movlw)
Warning[203] C:\USERS\ROBER\MPLABXPROJECTS\MICROSEXAMEN2.X\MICROSEXAMEN21.ASM 1084 : Found opcode in column 1. (movwf)
Warning[203] C:\USERS\ROBER\MPLABXPROJECTS\MICROSEXAMEN2.X\MICROSEXAMEN21.ASM 1085 : Found opcode in column 1. (movlw)
Warning[203] C:\USERS\ROBER\MPLABXPROJECTS\MICROSEXAMEN2.X\MICROSEXAMEN21.ASM 1086 : Found opcode in column 1. (call)
Warning[203] C:\USERS\ROBER\MPLABXPROJECTS\MICROSEXAMEN2.X\MICROSEXAMEN21.ASM 1087 : Found opcode in column 1. (return)
Warning[203] C:\USERS\ROBER\MPLABXPROJECTS\MICROSEXAMEN2.X\MICROSEXAMEN21.ASM 1090 : Found opcode in column 1. (movlw)
Warning[203] C:\USERS\ROBER\MPLABXPROJECTS\MICROSEXAMEN2.X\MICROSEXAMEN21.ASM 1091 : Found opcode in column 1. (movwf)
Warning[203] C:\USERS\ROBER\MPLABXPROJECTS\MICROSEXAMEN2.X\MICROSEXAMEN21.ASM 1092 : Found opcode in column 1. (movlw)
Warning[203] C:\USERS\ROBER\MPLABXPROJECTS\MICROSEXAMEN2.X\MICROSEXAMEN21.ASM 1093 : Found opcode in column 1. (call)
Warning[203] C:\USERS\ROBER\MPLABXPROJECTS\MICROSEXAMEN2.X\MICROSEXAMEN21.ASM 1094 : Found opcode in column 1. (return)
Warning[207] C:\USERS\ROBER\MPLABXPROJECTS\MICROSEXAMEN2.X\MICROSEXAMEN21.ASM 1096 : Found label after column 1. (check_keypad6)
Warning[203] C:\USERS\ROBER\MPLABXPROJECTS\MICROSEXAMEN2.X\MICROSEXAMEN21.ASM 1153 : Found opcode in column 1. (movlw)
Warning[203] C:\USERS\ROBER\MPLABXPROJECTS\MICROSEXAMEN2.X\MICROSEXAMEN21.ASM 1154 : Found opcode in column 1. (movwf)
Warning[203] C:\USERS\ROBER\MPLABXPROJECTS\MICROSEXAMEN2.X\MICROSEXAMEN21.ASM 1155 : Found opcode in column 1. (movlw)
Warning[203] C:\USERS\ROBER\MPLABXPROJECTS\MICROSEXAMEN2.X\MICROSEXAMEN21.ASM 1156 : Found opcode in column 1. (call)
Warning[203] C:\USERS\ROBER\MPLABXPROJECTS\MICROSEXAMEN2.X\MICROSEXAMEN21.ASM 1157 : Found opcode in column 1. (return)
Warning[203] C:\USERS\ROBER\MPLABXPROJECTS\MICROSEXAMEN2.X\MICROSEXAMEN21.ASM 1161 : Found opcode in column 1. (movlw)
Warning[203] C:\USERS\ROBER\MPLABXPROJECTS\MICROSEXAMEN2.X\MICROSEXAMEN21.ASM 1162 : Found opcode in column 1. (movwf)
Warning[203] C:\USERS\ROBER\MPLABXPROJECTS\MICROSEXAMEN2.X\MICROSEXAMEN21.ASM 1163 : Found opcode in column 1. (MOVLW)
Warning[203] C:\USERS\ROBER\MPLABXPROJECTS\MICROSEXAMEN2.X\MICROSEXAMEN21.ASM 1164 : Found opcode in column 1. (call)
Warning[203] C:\USERS\ROBER\MPLABXPROJECTS\MICROSEXAMEN2.X\MICROSEXAMEN21.ASM 1165 : Found opcode in column 1. (return)
Warning[203] C:\USERS\ROBER\MPLABXPROJECTS\MICROSEXAMEN2.X\MICROSEXAMEN21.ASM 1168 : Found opcode in column 1. (movlw)
Warning[203] C:\USERS\ROBER\MPLABXPROJECTS\MICROSEXAMEN2.X\MICROSEXAMEN21.ASM 1169 : Found opcode in column 1. (movwf)
Warning[203] C:\USERS\ROBER\MPLABXPROJECTS\MICROSEXAMEN2.X\MICROSEXAMEN21.ASM 1170 : Found opcode in column 1. (movlw)
Warning[203] C:\USERS\ROBER\MPLABXPROJECTS\MICROSEXAMEN2.X\MICROSEXAMEN21.ASM 1171 : Found opcode in column 1. (call)
Warning[203] C:\USERS\ROBER\MPLABXPROJECTS\MICROSEXAMEN2.X\MICROSEXAMEN21.ASM 1172 : Found opcode in column 1. (return)
Warning[203] C:\USERS\ROBER\MPLABXPROJECTS\MICROSEXAMEN2.X\MICROSEXAMEN21.ASM 1175 : Found opcode in column 1. (movlw)
Warning[203] C:\USERS\ROBER\MPLABXPROJECTS\MICROSEXAMEN2.X\MICROSEXAMEN21.ASM 1176 : Found opcode in column 1. (movwf)
Warning[203] C:\USERS\ROBER\MPLABXPROJECTS\MICROSEXAMEN2.X\MICROSEXAMEN21.ASM 1177 : Found opcode in column 1. (movlw)
Warning[203] C:\USERS\ROBER\MPLABXPROJECTS\MICROSEXAMEN2.X\MICROSEXAMEN21.ASM 1178 : Found opcode in column 1. (call)
Warning[203] C:\USERS\ROBER\MPLABXPROJECTS\MICROSEXAMEN2.X\MICROSEXAMEN21.ASM 1179 : Found opcode in column 1. (return)
Warning[203] C:\USERS\ROBER\MPLABXPROJECTS\MICROSEXAMEN2.X\MICROSEXAMEN21.ASM 1182 : Found opcode in column 1. (movlw)
Warning[203] C:\USERS\ROBER\MPLABXPROJECTS\MICROSEXAMEN2.X\MICROSEXAMEN21.ASM 1183 : Found opcode in column 1. (movwf)
Warning[203] C:\USERS\ROBER\MPLABXPROJECTS\MICROSEXAMEN2.X\MICROSEXAMEN21.ASM 1184 : Found opcode in column 1. (movlw)
Warning[203] C:\USERS\ROBER\MPLABXPROJECTS\MICROSEXAMEN2.X\MICROSEXAMEN21.ASM 1185 : Found opcode in column 1. (call)
Warning[203] C:\USERS\ROBER\MPLABXPROJECTS\MICROSEXAMEN2.X\MICROSEXAMEN21.ASM 1186 : Found opcode in column 1. (return)
Warning[203] C:\USERS\ROBER\MPLABXPROJECTS\MICROSEXAMEN2.X\MICROSEXAMEN21.ASM 1189 : Found opcode in column 1. (movlw)
Warning[203] C:\USERS\ROBER\MPLABXPROJECTS\MICROSEXAMEN2.X\MICROSEXAMEN21.ASM 1190 : Found opcode in column 1. (movwf)
Warning[203] C:\USERS\ROBER\MPLABXPROJECTS\MICROSEXAMEN2.X\MICROSEXAMEN21.ASM 1191 : Found opcode in column 1. (movlw)
Warning[203] C:\USERS\ROBER\MPLABXPROJECTS\MICROSEXAMEN2.X\MICROSEXAMEN21.ASM 1192 : Found opcode in column 1. (call)
Warning[203] C:\USERS\ROBER\MPLABXPROJECTS\MICROSEXAMEN2.X\MICROSEXAMEN21.ASM 1193 : Found opcode in column 1. (return)
Warning[203] C:\USERS\ROBER\MPLABXPROJECTS\MICROSEXAMEN2.X\MICROSEXAMEN21.ASM 1196 : Found opcode in column 1. (movlw)
Warning[203] C:\USERS\ROBER\MPLABXPROJECTS\MICROSEXAMEN2.X\MICROSEXAMEN21.ASM 1197 : Found opcode in column 1. (movwf)
Warning[203] C:\USERS\ROBER\MPLABXPROJECTS\MICROSEXAMEN2.X\MICROSEXAMEN21.ASM 1198 : Found opcode in column 1. (movlw)
Warning[203] C:\USERS\ROBER\MPLABXPROJECTS\MICROSEXAMEN2.X\MICROSEXAMEN21.ASM 1199 : Found opcode in column 1. (call)
Warning[203] C:\USERS\ROBER\MPLABXPROJECTS\MICROSEXAMEN2.X\MICROSEXAMEN21.ASM 1200 : Found opcode in column 1. (return)
Warning[203] C:\USERS\ROBER\MPLABXPROJECTS\MICROSEXAMEN2.X\MICROSEXAMEN21.ASM 1203 : Found opcode in column 1. (movlw)
Warning[203] C:\USERS\ROBER\MPLABXPROJECTS\MICROSEXAMEN2.X\MICROSEXAMEN21.ASM 1204 : Found opcode in column 1. (movwf)
Warning[203] C:\USERS\ROBER\MPLABXPROJECTS\MICROSEXAMEN2.X\MICROSEXAMEN21.ASM 1205 : Found opcode in column 1. (movlw)
Warning[203] C:\USERS\ROBER\MPLABXPROJECTS\MICROSEXAMEN2.X\MICROSEXAMEN21.ASM 1206 : Found opcode in column 1. (call)
Warning[203] C:\USERS\ROBER\MPLABXPROJECTS\MICROSEXAMEN2.X\MICROSEXAMEN21.ASM 1207 : Found opcode in column 1. (return)
Warning[203] C:\USERS\ROBER\MPLABXPROJECTS\MICROSEXAMEN2.X\MICROSEXAMEN21.ASM 1210 : Found opcode in column 1. (movlw)
Warning[203] C:\USERS\ROBER\MPLABXPROJECTS\MICROSEXAMEN2.X\MICROSEXAMEN21.ASM 1211 : Found opcode in column 1. (movwf)
Warning[203] C:\USERS\ROBER\MPLABXPROJECTS\MICROSEXAMEN2.X\MICROSEXAMEN21.ASM 1212 : Found opcode in column 1. (movlw)
Warning[203] C:\USERS\ROBER\MPLABXPROJECTS\MICROSEXAMEN2.X\MICROSEXAMEN21.ASM 1213 : Found opcode in column 1. (call)
Warning[203] C:\USERS\ROBER\MPLABXPROJECTS\MICROSEXAMEN2.X\MICROSEXAMEN21.ASM 1214 : Found opcode in column 1. (return)
Warning[203] C:\USERS\ROBER\MPLABXPROJECTS\MICROSEXAMEN2.X\MICROSEXAMEN21.ASM 1217 : Found opcode in column 1. (movlw)
Warning[203] C:\USERS\ROBER\MPLABXPROJECTS\MICROSEXAMEN2.X\MICROSEXAMEN21.ASM 1218 : Found opcode in column 1. (movwf)
Warning[203] C:\USERS\ROBER\MPLABXPROJECTS\MICROSEXAMEN2.X\MICROSEXAMEN21.ASM 1219 : Found opcode in column 1. (movlw)
Warning[203] C:\USERS\ROBER\MPLABXPROJECTS\MICROSEXAMEN2.X\MICROSEXAMEN21.ASM 1220 : Found opcode in column 1. (call)
Warning[203] C:\USERS\ROBER\MPLABXPROJECTS\MICROSEXAMEN2.X\MICROSEXAMEN21.ASM 1221 : Found opcode in column 1. (return)
Warning[203] C:\USERS\ROBER\MPLABXPROJECTS\MICROSEXAMEN2.X\MICROSEXAMEN21.ASM 1281 : Found opcode in column 1. (movlw)
Warning[203] C:\USERS\ROBER\MPLABXPROJECTS\MICROSEXAMEN2.X\MICROSEXAMEN21.ASM 1282 : Found opcode in column 1. (movwf)
Warning[203] C:\USERS\ROBER\MPLABXPROJECTS\MICROSEXAMEN2.X\MICROSEXAMEN21.ASM 1283 : Found opcode in column 1. (movlw)
Warning[203] C:\USERS\ROBER\MPLABXPROJECTS\MICROSEXAMEN2.X\MICROSEXAMEN21.ASM 1284 : Found opcode in column 1. (call)
Warning[203] C:\USERS\ROBER\MPLABXPROJECTS\MICROSEXAMEN2.X\MICROSEXAMEN21.ASM 1285 : Found opcode in column 1. (return)
Warning[203] C:\USERS\ROBER\MPLABXPROJECTS\MICROSEXAMEN2.X\MICROSEXAMEN21.ASM 1289 : Found opcode in column 1. (movlw)
Warning[203] C:\USERS\ROBER\MPLABXPROJECTS\MICROSEXAMEN2.X\MICROSEXAMEN21.ASM 1290 : Found opcode in column 1. (movwf)
Warning[203] C:\USERS\ROBER\MPLABXPROJECTS\MICROSEXAMEN2.X\MICROSEXAMEN21.ASM 1291 : Found opcode in column 1. (MOVLW)
Warning[203] C:\USERS\ROBER\MPLABXPROJECTS\MICROSEXAMEN2.X\MICROSEXAMEN21.ASM 1292 : Found opcode in column 1. (call)
Warning[203] C:\USERS\ROBER\MPLABXPROJECTS\MICROSEXAMEN2.X\MICROSEXAMEN21.ASM 1293 : Found opcode in column 1. (return)
Warning[203] C:\USERS\ROBER\MPLABXPROJECTS\MICROSEXAMEN2.X\MICROSEXAMEN21.ASM 1296 : Found opcode in column 1. (movlw)
Warning[203] C:\USERS\ROBER\MPLABXPROJECTS\MICROSEXAMEN2.X\MICROSEXAMEN21.ASM 1297 : Found opcode in column 1. (movwf)
Warning[203] C:\USERS\ROBER\MPLABXPROJECTS\MICROSEXAMEN2.X\MICROSEXAMEN21.ASM 1298 : Found opcode in column 1. (movlw)
Warning[203] C:\USERS\ROBER\MPLABXPROJECTS\MICROSEXAMEN2.X\MICROSEXAMEN21.ASM 1299 : Found opcode in column 1. (call)
Warning[203] C:\USERS\ROBER\MPLABXPROJECTS\MICROSEXAMEN2.X\MICROSEXAMEN21.ASM 1300 : Found opcode in column 1. (return)
Warning[203] C:\USERS\ROBER\MPLABXPROJECTS\MICROSEXAMEN2.X\MICROSEXAMEN21.ASM 1303 : Found opcode in column 1. (movlw)
Warning[203] C:\USERS\ROBER\MPLABXPROJECTS\MICROSEXAMEN2.X\MICROSEXAMEN21.ASM 1304 : Found opcode in column 1. (movwf)
Warning[203] C:\USERS\ROBER\MPLABXPROJECTS\MICROSEXAMEN2.X\MICROSEXAMEN21.ASM 1305 : Found opcode in column 1. (movlw)
Warning[203] C:\USERS\ROBER\MPLABXPROJECTS\MICROSEXAMEN2.X\MICROSEXAMEN21.ASM 1306 : Found opcode in column 1. (call)
Warning[203] C:\USERS\ROBER\MPLABXPROJECTS\MICROSEXAMEN2.X\MICROSEXAMEN21.ASM 1307 : Found opcode in column 1. (return)
Warning[203] C:\USERS\ROBER\MPLABXPROJECTS\MICROSEXAMEN2.X\MICROSEXAMEN21.ASM 1310 : Found opcode in column 1. (movlw)
Warning[203] C:\USERS\ROBER\MPLABXPROJECTS\MICROSEXAMEN2.X\MICROSEXAMEN21.ASM 1311 : Found opcode in column 1. (movwf)
Warning[203] C:\USERS\ROBER\MPLABXPROJECTS\MICROSEXAMEN2.X\MICROSEXAMEN21.ASM 1312 : Found opcode in column 1. (movlw)
Warning[203] C:\USERS\ROBER\MPLABXPROJECTS\MICROSEXAMEN2.X\MICROSEXAMEN21.ASM 1313 : Found opcode in column 1. (call)
Warning[203] C:\USERS\ROBER\MPLABXPROJECTS\MICROSEXAMEN2.X\MICROSEXAMEN21.ASM 1314 : Found opcode in column 1. (return)
Warning[203] C:\USERS\ROBER\MPLABXPROJECTS\MICROSEXAMEN2.X\MICROSEXAMEN21.ASM 1317 : Found opcode in column 1. (movlw)
Warning[203] C:\USERS\ROBER\MPLABXPROJECTS\MICROSEXAMEN2.X\MICROSEXAMEN21.ASM 1318 : Found opcode in column 1. (movwf)
Warning[203] C:\USERS\ROBER\MPLABXPROJECTS\MICROSEXAMEN2.X\MICROSEXAMEN21.ASM 1319 : Found opcode in column 1. (movlw)
Warning[203] C:\USERS\ROBER\MPLABXPROJECTS\MICROSEXAMEN2.X\MICROSEXAMEN21.ASM 1320 : Found opcode in column 1. (call)
Warning[203] C:\USERS\ROBER\MPLABXPROJECTS\MICROSEXAMEN2.X\MICROSEXAMEN21.ASM 1321 : Found opcode in column 1. (return)
Warning[203] C:\USERS\ROBER\MPLABXPROJECTS\MICROSEXAMEN2.X\MICROSEXAMEN21.ASM 1324 : Found opcode in column 1. (movlw)
Warning[203] C:\USERS\ROBER\MPLABXPROJECTS\MICROSEXAMEN2.X\MICROSEXAMEN21.ASM 1325 : Found opcode in column 1. (movwf)
Warning[203] C:\USERS\ROBER\MPLABXPROJECTS\MICROSEXAMEN2.X\MICROSEXAMEN21.ASM 1326 : Found opcode in column 1. (movlw)
Warning[203] C:\USERS\ROBER\MPLABXPROJECTS\MICROSEXAMEN2.X\MICROSEXAMEN21.ASM 1327 : Found opcode in column 1. (call)
Warning[203] C:\USERS\ROBER\MPLABXPROJECTS\MICROSEXAMEN2.X\MICROSEXAMEN21.ASM 1328 : Found opcode in column 1. (return)
Warning[203] C:\USERS\ROBER\MPLABXPROJECTS\MICROSEXAMEN2.X\MICROSEXAMEN21.ASM 1331 : Found opcode in column 1. (movlw)
Warning[203] C:\USERS\ROBER\MPLABXPROJECTS\MICROSEXAMEN2.X\MICROSEXAMEN21.ASM 1332 : Found opcode in column 1. (movwf)
Warning[203] C:\USERS\ROBER\MPLABXPROJECTS\MICROSEXAMEN2.X\MICROSEXAMEN21.ASM 1333 : Found opcode in column 1. (movlw)
Warning[203] C:\USERS\ROBER\MPLABXPROJECTS\MICROSEXAMEN2.X\MICROSEXAMEN21.ASM 1334 : Found opcode in column 1. (call)
Warning[203] C:\USERS\ROBER\MPLABXPROJECTS\MICROSEXAMEN2.X\MICROSEXAMEN21.ASM 1335 : Found opcode in column 1. (return)
Warning[203] C:\USERS\ROBER\MPLABXPROJECTS\MICROSEXAMEN2.X\MICROSEXAMEN21.ASM 1338 : Found opcode in column 1. (movlw)
Warning[203] C:\USERS\ROBER\MPLABXPROJECTS\MICROSEXAMEN2.X\MICROSEXAMEN21.ASM 1339 : Found opcode in column 1. (movwf)
Warning[203] C:\USERS\ROBER\MPLABXPROJECTS\MICROSEXAMEN2.X\MICROSEXAMEN21.ASM 1340 : Found opcode in column 1. (movlw)
Warning[203] C:\USERS\ROBER\MPLABXPROJECTS\MICROSEXAMEN2.X\MICROSEXAMEN21.ASM 1341 : Found opcode in column 1. (call)
Warning[203] C:\USERS\ROBER\MPLABXPROJECTS\MICROSEXAMEN2.X\MICROSEXAMEN21.ASM 1342 : Found opcode in column 1. (return)
Warning[203] C:\USERS\ROBER\MPLABXPROJECTS\MICROSEXAMEN2.X\MICROSEXAMEN21.ASM 1345 : Found opcode in column 1. (movlw)
Warning[203] C:\USERS\ROBER\MPLABXPROJECTS\MICROSEXAMEN2.X\MICROSEXAMEN21.ASM 1346 : Found opcode in column 1. (movwf)
Warning[203] C:\USERS\ROBER\MPLABXPROJECTS\MICROSEXAMEN2.X\MICROSEXAMEN21.ASM 1347 : Found opcode in column 1. (movlw)
Warning[203] C:\USERS\ROBER\MPLABXPROJECTS\MICROSEXAMEN2.X\MICROSEXAMEN21.ASM 1348 : Found opcode in column 1. (call)
Warning[203] C:\USERS\ROBER\MPLABXPROJECTS\MICROSEXAMEN2.X\MICROSEXAMEN21.ASM 1349 : Found opcode in column 1. (return)
Warning[203] C:\USERS\ROBER\MPLABXPROJECTS\MICROSEXAMEN2.X\MICROSEXAMEN21.ASM 1411 : Found opcode in column 1. (movlw)
Warning[203] C:\USERS\ROBER\MPLABXPROJECTS\MICROSEXAMEN2.X\MICROSEXAMEN21.ASM 1412 : Found opcode in column 1. (movwf)
Warning[203] C:\USERS\ROBER\MPLABXPROJECTS\MICROSEXAMEN2.X\MICROSEXAMEN21.ASM 1413 : Found opcode in column 1. (movlw)
Warning[203] C:\USERS\ROBER\MPLABXPROJECTS\MICROSEXAMEN2.X\MICROSEXAMEN21.ASM 1414 : Found opcode in column 1. (call)
Warning[203] C:\USERS\ROBER\MPLABXPROJECTS\MICROSEXAMEN2.X\MICROSEXAMEN21.ASM 1415 : Found opcode in column 1. (return)
Warning[203] C:\USERS\ROBER\MPLABXPROJECTS\MICROSEXAMEN2.X\MICROSEXAMEN21.ASM 1419 : Found opcode in column 1. (movlw)
Warning[203] C:\USERS\ROBER\MPLABXPROJECTS\MICROSEXAMEN2.X\MICROSEXAMEN21.ASM 1420 : Found opcode in column 1. (movwf)
Warning[203] C:\USERS\ROBER\MPLABXPROJECTS\MICROSEXAMEN2.X\MICROSEXAMEN21.ASM 1421 : Found opcode in column 1. (MOVLW)
Warning[203] C:\USERS\ROBER\MPLABXPROJECTS\MICROSEXAMEN2.X\MICROSEXAMEN21.ASM 1422 : Found opcode in column 1. (call)
Warning[203] C:\USERS\ROBER\MPLABXPROJECTS\MICROSEXAMEN2.X\MICROSEXAMEN21.ASM 1423 : Found opcode in column 1. (return)
Warning[203] C:\USERS\ROBER\MPLABXPROJECTS\MICROSEXAMEN2.X\MICROSEXAMEN21.ASM 1426 : Found opcode in column 1. (movlw)
Warning[203] C:\USERS\ROBER\MPLABXPROJECTS\MICROSEXAMEN2.X\MICROSEXAMEN21.ASM 1427 : Found opcode in column 1. (movwf)
Warning[203] C:\USERS\ROBER\MPLABXPROJECTS\MICROSEXAMEN2.X\MICROSEXAMEN21.ASM 1428 : Found opcode in column 1. (movlw)
Warning[203] C:\USERS\ROBER\MPLABXPROJECTS\MICROSEXAMEN2.X\MICROSEXAMEN21.ASM 1429 : Found opcode in column 1. (call)
Warning[203] C:\USERS\ROBER\MPLABXPROJECTS\MICROSEXAMEN2.X\MICROSEXAMEN21.ASM 1430 : Found opcode in column 1. (return)
Warning[203] C:\USERS\ROBER\MPLABXPROJECTS\MICROSEXAMEN2.X\MICROSEXAMEN21.ASM 1433 : Found opcode in column 1. (movlw)
Warning[203] C:\USERS\ROBER\MPLABXPROJECTS\MICROSEXAMEN2.X\MICROSEXAMEN21.ASM 1434 : Found opcode in column 1. (movwf)
Warning[203] C:\USERS\ROBER\MPLABXPROJECTS\MICROSEXAMEN2.X\MICROSEXAMEN21.ASM 1435 : Found opcode in column 1. (movlw)
Warning[203] C:\USERS\ROBER\MPLABXPROJECTS\MICROSEXAMEN2.X\MICROSEXAMEN21.ASM 1436 : Found opcode in column 1. (call)
Warning[203] C:\USERS\ROBER\MPLABXPROJECTS\MICROSEXAMEN2.X\MICROSEXAMEN21.ASM 1437 : Found opcode in column 1. (return)
Warning[203] C:\USERS\ROBER\MPLABXPROJECTS\MICROSEXAMEN2.X\MICROSEXAMEN21.ASM 1440 : Found opcode in column 1. (movlw)
Warning[203] C:\USERS\ROBER\MPLABXPROJECTS\MICROSEXAMEN2.X\MICROSEXAMEN21.ASM 1441 : Found opcode in column 1. (movwf)
Warning[203] C:\USERS\ROBER\MPLABXPROJECTS\MICROSEXAMEN2.X\MICROSEXAMEN21.ASM 1442 : Found opcode in column 1. (movlw)
Warning[203] C:\USERS\ROBER\MPLABXPROJECTS\MICROSEXAMEN2.X\MICROSEXAMEN21.ASM 1443 : Found opcode in column 1. (call)
Warning[203] C:\USERS\ROBER\MPLABXPROJECTS\MICROSEXAMEN2.X\MICROSEXAMEN21.ASM 1444 : Found opcode in column 1. (return)
Warning[203] C:\USERS\ROBER\MPLABXPROJECTS\MICROSEXAMEN2.X\MICROSEXAMEN21.ASM 1447 : Found opcode in column 1. (movlw)
Warning[203] C:\USERS\ROBER\MPLABXPROJECTS\MICROSEXAMEN2.X\MICROSEXAMEN21.ASM 1448 : Found opcode in column 1. (movwf)
Warning[203] C:\USERS\ROBER\MPLABXPROJECTS\MICROSEXAMEN2.X\MICROSEXAMEN21.ASM 1449 : Found opcode in column 1. (movlw)
Warning[203] C:\USERS\ROBER\MPLABXPROJECTS\MICROSEXAMEN2.X\MICROSEXAMEN21.ASM 1450 : Found opcode in column 1. (call)
Warning[203] C:\USERS\ROBER\MPLABXPROJECTS\MICROSEXAMEN2.X\MICROSEXAMEN21.ASM 1451 : Found opcode in column 1. (return)
Warning[203] C:\USERS\ROBER\MPLABXPROJECTS\MICROSEXAMEN2.X\MICROSEXAMEN21.ASM 1454 : Found opcode in column 1. (movlw)
Warning[203] C:\USERS\ROBER\MPLABXPROJECTS\MICROSEXAMEN2.X\MICROSEXAMEN21.ASM 1455 : Found opcode in column 1. (movwf)
Warning[203] C:\USERS\ROBER\MPLABXPROJECTS\MICROSEXAMEN2.X\MICROSEXAMEN21.ASM 1456 : Found opcode in column 1. (movlw)
Warning[203] C:\USERS\ROBER\MPLABXPROJECTS\MICROSEXAMEN2.X\MICROSEXAMEN21.ASM 1457 : Found opcode in column 1. (call)
Warning[203] C:\USERS\ROBER\MPLABXPROJECTS\MICROSEXAMEN2.X\MICROSEXAMEN21.ASM 1458 : Found opcode in column 1. (return)
Warning[203] C:\USERS\ROBER\MPLABXPROJECTS\MICROSEXAMEN2.X\MICROSEXAMEN21.ASM 1461 : Found opcode in column 1. (movlw)
Warning[203] C:\USERS\ROBER\MPLABXPROJECTS\MICROSEXAMEN2.X\MICROSEXAMEN21.ASM 1462 : Found opcode in column 1. (movwf)
Warning[203] C:\USERS\ROBER\MPLABXPROJECTS\MICROSEXAMEN2.X\MICROSEXAMEN21.ASM 1463 : Found opcode in column 1. (movlw)
Warning[203] C:\USERS\ROBER\MPLABXPROJECTS\MICROSEXAMEN2.X\MICROSEXAMEN21.ASM 1464 : Found opcode in column 1. (call)
Warning[203] C:\USERS\ROBER\MPLABXPROJECTS\MICROSEXAMEN2.X\MICROSEXAMEN21.ASM 1465 : Found opcode in column 1. (return)
Warning[203] C:\USERS\ROBER\MPLABXPROJECTS\MICROSEXAMEN2.X\MICROSEXAMEN21.ASM 1468 : Found opcode in column 1. (movlw)
Warning[203] C:\USERS\ROBER\MPLABXPROJECTS\MICROSEXAMEN2.X\MICROSEXAMEN21.ASM 1469 : Found opcode in column 1. (movwf)
Warning[203] C:\USERS\ROBER\MPLABXPROJECTS\MICROSEXAMEN2.X\MICROSEXAMEN21.ASM 1470 : Found opcode in column 1. (movlw)
Warning[203] C:\USERS\ROBER\MPLABXPROJECTS\MICROSEXAMEN2.X\MICROSEXAMEN21.ASM 1471 : Found opcode in column 1. (call)
Warning[203] C:\USERS\ROBER\MPLABXPROJECTS\MICROSEXAMEN2.X\MICROSEXAMEN21.ASM 1472 : Found opcode in column 1. (return)
Warning[203] C:\USERS\ROBER\MPLABXPROJECTS\MICROSEXAMEN2.X\MICROSEXAMEN21.ASM 1475 : Found opcode in column 1. (movlw)
Warning[203] C:\USERS\ROBER\MPLABXPROJECTS\MICROSEXAMEN2.X\MICROSEXAMEN21.ASM 1476 : Found opcode in column 1. (movwf)
Warning[203] C:\USERS\ROBER\MPLABXPROJECTS\MICROSEXAMEN2.X\MICROSEXAMEN21.ASM 1477 : Found opcode in column 1. (movlw)
Warning[203] C:\USERS\ROBER\MPLABXPROJECTS\MICROSEXAMEN2.X\MICROSEXAMEN21.ASM 1478 : Found opcode in column 1. (call)
Warning[203] C:\USERS\ROBER\MPLABXPROJECTS\MICROSEXAMEN2.X\MICROSEXAMEN21.ASM 1479 : Found opcode in column 1. (return)
Warning[203] C:\USERS\ROBER\MPLABXPROJECTS\MICROSEXAMEN2.X\MICROSEXAMEN21.ASM 1484 : Found opcode in column 1. (movlw)
Warning[203] C:\USERS\ROBER\MPLABXPROJECTS\MICROSEXAMEN2.X\MICROSEXAMEN21.ASM 1485 : Found opcode in column 1. (call)
Warning[203] C:\USERS\ROBER\MPLABXPROJECTS\MICROSEXAMEN2.X\MICROSEXAMEN21.ASM 1487 : Found opcode in column 1. (clrf)
Warning[203] C:\USERS\ROBER\MPLABXPROJECTS\MICROSEXAMEN2.X\MICROSEXAMEN21.ASM 1488 : Found opcode in column 1. (clrf)
Warning[203] C:\USERS\ROBER\MPLABXPROJECTS\MICROSEXAMEN2.X\MICROSEXAMEN21.ASM 1489 : Found opcode in column 1. (clrf)
Warning[203] C:\USERS\ROBER\MPLABXPROJECTS\MICROSEXAMEN2.X\MICROSEXAMEN21.ASM 1490 : Found opcode in column 1. (return)
Warning[207] C:\USERS\ROBER\MPLABXPROJECTS\MICROSEXAMEN2.X\MICROSEXAMEN21.ASM 1585 : Found label after column 1. (LOOP)
Message[305] C:\USERS\ROBER\MPLABXPROJECTS\MICROSEXAMEN2.X\MICROSEXAMEN21.ASM 1585 : Using default destination of 1 (file).
Message[305] C:\USERS\ROBER\MPLABXPROJECTS\MICROSEXAMEN2.X\MICROSEXAMEN21.ASM 1587 : Using default destination of 1 (file).
Warning[203] C:\USERS\ROBER\MPLABXPROJECTS\MICROSEXAMEN2.X\MICROSEXAMEN21.ASM 1596 : Found opcode in column 1. (nop)
Warning[203] C:\USERS\ROBER\MPLABXPROJECTS\MICROSEXAMEN2.X\MICROSEXAMEN21.ASM 1597 : Found opcode in column 1. (movlw)
Warning[203] C:\USERS\ROBER\MPLABXPROJECTS\MICROSEXAMEN2.X\MICROSEXAMEN21.ASM 1598 : Found opcode in column 1. (movwf)
Warning[203] C:\USERS\ROBER\MPLABXPROJECTS\MICROSEXAMEN2.X\MICROSEXAMEN21.ASM 1601 : Found opcode in column 1. (decfsz)
Warning[203] C:\USERS\ROBER\MPLABXPROJECTS\MICROSEXAMEN2.X\MICROSEXAMEN21.ASM 1602 : Found opcode in column 1. (goto)
Warning[203] C:\USERS\ROBER\MPLABXPROJECTS\MICROSEXAMEN2.X\MICROSEXAMEN21.ASM 1604 : Found opcode in column 1. (movlw)
Warning[203] C:\USERS\ROBER\MPLABXPROJECTS\MICROSEXAMEN2.X\MICROSEXAMEN21.ASM 1605 : Found opcode in column 1. (movwf)
Warning[203] C:\USERS\ROBER\MPLABXPROJECTS\MICROSEXAMEN2.X\MICROSEXAMEN21.ASM 1607 : Found opcode in column 1. (nop)
Warning[203] C:\USERS\ROBER\MPLABXPROJECTS\MICROSEXAMEN2.X\MICROSEXAMEN21.ASM 1608 : Found opcode in column 1. (movlw)
Warning[203] C:\USERS\ROBER\MPLABXPROJECTS\MICROSEXAMEN2.X\MICROSEXAMEN21.ASM 1609 : Found opcode in column 1. (movwf)
Warning[203] C:\USERS\ROBER\MPLABXPROJECTS\MICROSEXAMEN2.X\MICROSEXAMEN21.ASM 1612 : Found opcode in column 1. (movlw)
Warning[203] C:\USERS\ROBER\MPLABXPROJECTS\MICROSEXAMEN2.X\MICROSEXAMEN21.ASM 1613 : Found opcode in column 1. (movwf)
Warning[203] C:\USERS\ROBER\MPLABXPROJECTS\MICROSEXAMEN2.X\MICROSEXAMEN21.ASM 1615 : Found opcode in column 1. (nop)
Warning[203] C:\USERS\ROBER\MPLABXPROJECTS\MICROSEXAMEN2.X\MICROSEXAMEN21.ASM 1616 : Found opcode in column 1. (decfsz)
Warning[203] C:\USERS\ROBER\MPLABXPROJECTS\MICROSEXAMEN2.X\MICROSEXAMEN21.ASM 1617 : Found opcode in column 1. (goto)
Warning[203] C:\USERS\ROBER\MPLABXPROJECTS\MICROSEXAMEN2.X\MICROSEXAMEN21.ASM 1618 : Found opcode in column 1. (decfsz)
Warning[203] C:\USERS\ROBER\MPLABXPROJECTS\MICROSEXAMEN2.X\MICROSEXAMEN21.ASM 1619 : Found opcode in column 1. (goto)
Warning[203] C:\USERS\ROBER\MPLABXPROJECTS\MICROSEXAMEN2.X\MICROSEXAMEN21.ASM 1620 : Found opcode in column 1. (decfsz)
Warning[203] C:\USERS\ROBER\MPLABXPROJECTS\MICROSEXAMEN2.X\MICROSEXAMEN21.ASM 1621 : Found opcode in column 1. (goto)
Warning[203] C:\USERS\ROBER\MPLABXPROJECTS\MICROSEXAMEN2.X\MICROSEXAMEN21.ASM 1622 : Found opcode in column 1. (return)
